TN:
SF:src/App.jsx
FN:10,App
FNF:1
FNH:1
FNDA:4,App
DA:1,1
DA:2,1
DA:5,1
DA:6,1
DA:7,1
DA:8,1
DA:10,4
DA:11,4
DA:12,4
DA:13,4
DA:14,4
DA:15,4
DA:16,4
DA:17,4
DA:18,4
DA:19,4
DA:21,4
DA:23,1
LF:18
LH:18
BRDA:10,0,0,4
BRF:1
BRH:1
end_of_record
TN:
SF:src/main.jsx
FNF:0
FNH:0
DA:1,1
DA:2,1
DA:3,1
DA:5,1
DA:6,1
DA:9,1
DA:10,1
DA:12,1
DA:14,1
DA:15,1
DA:16,1
DA:17,1
DA:19,1
DA:20,1
DA:21,1
DA:22,1
DA:23,1
DA:24,1
LF:18
LH:18
BRF:0
BRH:0
end_of_record
TN:
SF:src/components/Header.jsx
FN:5,Header
FN:8,handleSearch
FN:35,onChange
FN:40,onClick
FNF:4
FNH:4
FNDA:13,Header
FNDA:1,handleSearch
FNDA:4,onChange
FNDA:2,onClick
DA:1,1
DA:2,1
DA:3,1
DA:5,1
DA:6,13
DA:8,13
DA:9,1
DA:10,1
DA:11,1
DA:12,1
DA:13,1
DA:14,13
DA:15,13
DA:16,13
DA:18,13
DA:19,13
DA:20,13
DA:21,13
DA:22,13
DA:23,13
DA:24,13
DA:25,13
DA:28,13
DA:29,13
DA:30,13
DA:31,13
DA:32,13
DA:33,13
DA:34,13
DA:35,13
DA:36,13
DA:37,13
DA:38,4
DA:39,4
DA:40,4
DA:41,2
DA:42,2
DA:43,2
DA:44,4
DA:46,4
DA:47,4
DA:49,13
DA:50,13
DA:51,13
DA:53,13
DA:54,13
DA:55,13
DA:56,13
DA:59,13
DA:60,13
DA:61,13
DA:62,13
DA:63,13
DA:64,13
DA:65,13
DA:67,13
DA:69,1
LF:57
LH:57
BRDA:5,0,0,13
BRDA:37,1,0,4
BRDA:8,2,0,1
BRDA:35,3,0,4
BRDA:40,4,0,2
BRDA:42,5,0,1
BRF:6
BRH:6
end_of_record
TN:
SF:src/components/LoadingSpinner.jsx
FN:1,(empty-report)
FNF:1
FNH:0
FNDA:0,(empty-report)
DA:1,0
DA:2,0
DA:3,0
DA:4,0
DA:5,0
DA:7,0
LF:6
LH:0
BRDA:1,0,0,0
BRF:1
BRH:0
end_of_record
TN:
SF:src/components/MainContent.jsx
FN:1,(empty-report)
FNF:1
FNH:0
FNDA:0,(empty-report)
DA:1,0
DA:2,0
DA:3,0
DA:4,0
DA:6,0
DA:7,0
DA:8,0
DA:9,0
DA:11,0
DA:12,0
DA:13,0
DA:14,0
DA:15,0
DA:17,0
DA:18,0
DA:19,0
DA:20,0
DA:21,0
DA:22,0
DA:24,0
DA:25,0
DA:26,0
DA:27,0
DA:28,0
DA:29,0
DA:30,0
DA:32,0
DA:33,0
DA:34,0
DA:36,0
DA:37,0
DA:38,0
DA:39,0
DA:40,0
DA:41,0
DA:42,0
DA:45,0
DA:47,0
DA:48,0
DA:49,0
DA:50,0
DA:52,0
DA:53,0
DA:54,0
DA:55,0
DA:56,0
DA:57,0
DA:59,0
DA:60,0
DA:61,0
DA:62,0
DA:63,0
DA:64,0
DA:65,0
DA:66,0
DA:67,0
DA:68,0
DA:69,0
DA:70,0
DA:71,0
DA:72,0
DA:73,0
DA:74,0
DA:75,0
DA:76,0
DA:77,0
DA:78,0
DA:79,0
DA:80,0
DA:82,0
DA:83,0
DA:85,0
DA:87,0
LF:73
LH:0
BRDA:1,0,0,0
BRF:1
BRH:0
end_of_record
TN:
SF:src/components/MusicContent.jsx
FN:5,MusicContent
FNF:1
FNH:1
FNDA:4,MusicContent
DA:1,1
DA:2,1
DA:3,1
DA:5,1
DA:7,4
DA:8,4
DA:9,4
DA:10,4
DA:11,4
DA:12,4
DA:13,4
DA:14,4
DA:15,4
DA:16,4
DA:17,4
DA:18,4
DA:19,4
DA:20,4
DA:21,4
DA:22,4
DA:23,4
DA:24,4
DA:25,4
DA:26,4
DA:27,4
DA:28,4
DA:29,4
DA:30,4
DA:31,4
DA:32,4
DA:33,4
DA:34,4
DA:35,4
DA:36,4
DA:37,4
DA:38,4
DA:39,4
DA:40,4
DA:41,4
DA:42,4
DA:43,4
DA:44,4
DA:45,4
DA:46,4
DA:47,4
DA:48,4
DA:49,4
DA:50,4
DA:51,4
DA:52,4
DA:53,4
DA:54,4
DA:55,4
DA:56,4
DA:57,4
DA:58,4
DA:59,4
DA:60,4
DA:61,4
DA:62,4
DA:63,4
DA:64,4
DA:65,4
DA:66,4
DA:67,4
DA:68,4
DA:69,4
DA:70,4
DA:71,4
DA:72,4
DA:73,4
DA:74,4
DA:75,4
DA:76,4
DA:77,4
DA:78,4
DA:79,4
DA:80,4
DA:82,4
DA:83,4
DA:84,4
DA:85,4
DA:86,4
DA:88,4
DA:89,4
DA:90,4
DA:92,4
DA:93,4
DA:94,32
DA:95,32
DA:96,32
DA:98,32
DA:99,32
DA:100,32
DA:101,32
DA:102,32
DA:103,32
DA:104,32
DA:105,32
DA:106,32
DA:107,32
DA:108,32
DA:109,32
DA:110,32
DA:111,32
DA:112,32
DA:113,32
DA:114,32
DA:115,32
DA:116,32
DA:117,32
DA:118,32
DA:119,32
DA:120,32
DA:121,32
DA:122,32
DA:123,32
DA:124,4
DA:125,4
DA:126,4
DA:128,4
DA:130,1
LF:122
LH:122
BRDA:5,0,0,4
BRDA:93,1,0,32
BRF:2
BRH:2
end_of_record
TN:
SF:src/components/Page404.jsx
FN:1,(empty-report)
FNF:1
FNH:0
FNDA:0,(empty-report)
DA:1,0
DA:2,0
DA:4,0
DA:5,0
DA:6,0
DA:7,0
DA:8,0
DA:9,0
DA:10,0
DA:12,0
DA:13,0
DA:14,0
DA:15,0
DA:16,0
DA:19,0
DA:20,0
DA:21,0
DA:22,0
DA:23,0
DA:26,0
DA:27,0
DA:29,0
DA:30,0
DA:32,0
DA:33,0
DA:35,0
DA:37,0
DA:38,0
DA:39,0
DA:42,0
DA:43,0
DA:44,0
DA:45,0
DA:46,0
DA:48,0
DA:49,0
DA:50,0
DA:51,0
DA:53,0
DA:55,0
DA:56,0
DA:57,0
DA:60,0
DA:62,0
DA:63,0
DA:65,0
DA:67,0
LF:47
LH:0
BRDA:1,0,0,0
BRF:1
BRH:0
end_of_record
TN:
SF:src/components/Page500.jsx
FN:1,(empty-report)
FNF:1
FNH:0
FNDA:0,(empty-report)
DA:1,0
DA:2,0
DA:4,0
DA:5,0
DA:6,0
DA:7,0
DA:8,0
DA:9,0
DA:10,0
DA:12,0
DA:13,0
DA:14,0
DA:15,0
DA:16,0
DA:17,0
DA:18,0
DA:19,0
DA:22,0
DA:23,0
DA:24,0
DA:25,0
DA:26,0
DA:29,0
DA:30,0
DA:32,0
DA:33,0
DA:35,0
DA:36,0
DA:38,0
DA:40,0
DA:41,0
DA:42,0
DA:45,0
DA:46,0
DA:47,0
DA:48,0
DA:49,0
DA:51,0
DA:52,0
DA:53,0
DA:54,0
DA:56,0
DA:58,0
DA:59,0
DA:60,0
DA:61,0
DA:63,0
DA:65,0
LF:48
LH:0
BRDA:1,0,0,0
BRF:1
BRH:0
end_of_record
TN:
SF:src/components/RecommendedStreams.jsx
FN:1,(empty-report)
FNF:1
FNH:0
FNDA:0,(empty-report)
DA:1,0
DA:2,0
DA:3,0
DA:5,0
DA:6,0
DA:7,0
DA:9,0
DA:10,0
DA:11,0
DA:12,0
DA:13,0
DA:15,0
DA:16,0
DA:17,0
DA:19,0
DA:20,0
DA:21,0
DA:22,0
DA:23,0
DA:24,0
DA:25,0
DA:26,0
DA:27,0
DA:28,0
DA:29,0
DA:30,0
DA:31,0
DA:33,0
DA:35,0
DA:37,0
DA:38,0
DA:39,0
DA:40,0
DA:41,0
DA:42,0
DA:43,0
DA:44,0
DA:45,0
DA:46,0
DA:47,0
DA:48,0
DA:49,0
DA:50,0
DA:51,0
DA:52,0
DA:53,0
DA:54,0
DA:55,0
DA:56,0
DA:57,0
DA:58,0
DA:59,0
DA:60,0
DA:61,0
DA:62,0
DA:65,0
DA:66,0
DA:67,0
DA:68,0
DA:69,0
DA:70,0
DA:71,0
DA:72,0
DA:73,0
DA:74,0
DA:75,0
DA:76,0
DA:77,0
DA:78,0
DA:79,0
DA:80,0
DA:81,0
DA:82,0
DA:83,0
DA:84,0
DA:85,0
DA:86,0
DA:87,0
DA:88,0
DA:89,0
DA:90,0
DA:92,0
DA:93,0
DA:94,0
DA:97,0
DA:98,0
DA:99,0
DA:101,0
DA:102,0
DA:103,0
DA:104,0
DA:105,0
DA:106,0
DA:107,0
DA:108,0
DA:109,0
DA:110,0
DA:111,0
DA:114,0
DA:115,0
DA:116,0
DA:118,0
DA:119,0
DA:120,0
DA:121,0
DA:122,0
DA:123,0
DA:124,0
DA:125,0
DA:126,0
DA:127,0
DA:128,0
DA:129,0
DA:131,0
DA:133,0
LF:115
LH:0
BRDA:1,0,0,0
BRF:1
BRH:0
end_of_record
TN:
SF:src/components/VideoCard.jsx
FN:4,VideoCard
FNF:1
FNH:1
FNDA:1,VideoCard
DA:1,1
DA:4,1
DA:5,1
DA:6,1
DA:7,1
DA:8,1
DA:9,1
DA:10,1
DA:11,1
DA:12,1
DA:13,1
DA:14,1
DA:15,1
DA:16,1
DA:17,1
DA:18,1
DA:19,1
DA:20,1
DA:21,1
DA:22,1
DA:24,1
LF:21
LH:21
BRDA:4,0,0,1
BRF:1
BRH:1
end_of_record
TN:
SF:src/components/VideoGrid.jsx
FN:3,VideoGrid
FNF:1
FNH:1
FNDA:2,VideoGrid
DA:1,1
DA:3,1
DA:4,2
DA:5,2
DA:6,2
DA:7,3
DA:8,2
DA:9,2
DA:11,2
LF:9
LH:9
BRDA:3,0,0,2
BRDA:6,1,0,3
BRF:2
BRH:2
end_of_record
TN:
SF:src/components/VideoInfo.jsx
FN:4,VideoInfo
FNF:1
FNH:1
FNDA:5,VideoInfo
DA:1,1
DA:2,1
DA:4,1
DA:5,5
DA:6,5
DA:7,5
DA:8,5
DA:9,5
DA:10,5
DA:11,5
DA:12,5
DA:13,5
DA:14,5
DA:15,5
DA:17,5
DA:18,5
DA:19,5
DA:20,5
DA:21,5
DA:22,5
DA:23,5
DA:24,5
DA:25,5
DA:26,5
DA:27,5
DA:28,5
DA:29,5
DA:30,5
DA:31,5
DA:32,5
DA:33,5
DA:34,5
DA:35,5
DA:36,5
DA:37,5
DA:38,5
DA:39,5
DA:40,5
DA:41,5
DA:43,5
DA:44,5
DA:45,5
DA:47,5
DA:49,1
LF:44
LH:44
BRDA:4,0,0,5
BRDA:7,1,0,1
BRF:2
BRH:2
end_of_record
TN:
SF:src/components/VideoPlayer.jsx
FN:4,VideoPlayer
FNF:1
FNH:1
FNDA:5,VideoPlayer
DA:1,1
DA:2,1
DA:4,1
DA:7,5
DA:10,5
DA:11,1
DA:12,1
DA:13,1
DA:14,1
DA:16,1
DA:18,5
DA:19,1
DA:20,1
DA:21,1
DA:22,1
DA:24,1
DA:26,3
DA:27,3
DA:28,3
DA:29,3
DA:30,3
DA:31,3
DA:32,3
DA:33,3
DA:34,3
DA:35,5
DA:36,5
DA:37,5
DA:38,5
DA:39,5
DA:40,5
DA:42,5
DA:43,5
DA:45,5
DA:46,5
DA:48,5
DA:49,1
DA:50,1
DA:51,1
DA:52,1
DA:53,1
DA:54,1
DA:55,1
DA:56,1
DA:57,1
DA:58,1
DA:59,2
DA:60,5
DA:61,5
DA:62,5
DA:63,5
DA:64,5
DA:65,5
DA:66,5
DA:67,5
DA:69,5
DA:71,1
LF:57
LH:57
BRDA:4,0,0,5
BRDA:7,1,0,2
BRDA:10,2,0,1
BRDA:16,3,0,4
BRDA:18,4,0,1
BRDA:24,5,0,3
BRDA:35,6,0,2
BRDA:35,7,0,1
BRDA:48,8,0,2
BRDA:48,9,0,1
BRDA:48,10,0,1
BRDA:58,11,0,2
BRDA:49,12,0,1
BRF:13
BRH:13
end_of_record
TN:
SF:src/hooks/useVideos.jsx
FN:5,useGetVideos
FN:8,queryFn
FN:14,useGetVideo
FN:17,queryFn
FNF:4
FNH:4
FNDA:4,useGetVideos
FNDA:2,queryFn
FNDA:5,useGetVideo
FNDA:2,queryFn
DA:1,1
DA:5,1
DA:6,4
DA:7,4
DA:8,4
DA:9,4
DA:10,4
DA:11,4
DA:12,4
DA:14,1
DA:15,5
DA:16,5
DA:17,5
DA:18,5
DA:19,5
DA:20,5
DA:21,5
DA:22,5
LF:18
LH:18
BRDA:5,0,0,4
BRDA:8,1,0,2
BRDA:14,2,0,5
BRDA:17,3,0,2
BRF:4
BRH:4
end_of_record
TN:
SF:src/pages/ErrorPage.jsx
FN:3,ErrorPage
FNF:1
FNH:1
FNDA:1,ErrorPage
DA:1,1
DA:3,1
DA:5,1
LF:3
LH:3
BRDA:3,0,0,1
BRF:1
BRH:1
end_of_record
TN:
SF:src/pages/HomePage.jsx
FN:9,HomePage
FNF:1
FNH:1
FNDA:4,HomePage
DA:1,1
DA:2,1
DA:3,1
DA:4,1
DA:5,1
DA:6,1
DA:7,1
DA:9,1
DA:11,4
DA:14,4
DA:15,1
DA:16,1
DA:18,4
DA:19,1
DA:20,1
DA:23,2
DA:24,2
DA:25,2
DA:27,2
DA:30,2
DA:31,2
DA:33,2
DA:35,2
DA:37,1
DA:38,1
DA:39,1
DA:41,1
LF:27
LH:27
BRDA:9,0,0,4
BRDA:14,1,0,1
BRDA:16,2,0,3
BRDA:18,3,0,1
BRDA:20,4,0,2
BRF:5
BRH:5
end_of_record
TN:
SF:src/pages/VideoPage.jsx
FN:9,VideoPage
FNF:1
FNH:1
FNDA:4,VideoPage
DA:1,1
DA:2,1
DA:3,1
DA:4,1
DA:5,1
DA:6,1
DA:7,1
DA:9,1
DA:10,4
DA:11,4
DA:13,4
DA:14,4
DA:15,4
DA:16,4
DA:18,4
DA:20,4
DA:21,4
DA:22,4
DA:23,4
DA:24,4
DA:25,4
DA:26,4
DA:29,4
DA:30,4
DA:31,4
DA:32,4
DA:33,4
DA:36,4
DA:37,4
DA:38,4
DA:39,4
DA:40,4
DA:42,4
DA:44,1
LF:34
LH:34
BRDA:9,0,0,4
BRDA:31,1,0,2
BRF:2
BRH:2
end_of_record
TN:
SF:src/services/music.js
FN:1,getMusic
FN:13,getMusicMock
FNF:2
FNH:1
FNDA:3,getMusic
FNDA:0,getMusicMock
DA:1,1
DA:2,3
DA:3,3
DA:4,3
DA:5,1
DA:6,1
DA:7,1
DA:8,3
DA:9,2
DA:10,2
DA:11,3
DA:13,1
DA:15,0
DA:16,0
DA:17,0
DA:18,0
DA:19,0
DA:20,0
DA:21,0
DA:22,0
DA:23,0
LF:21
LH:12
BRDA:1,0,0,3
BRDA:3,1,0,2
BRDA:4,2,0,1
BRDA:8,3,0,2
BRF:4
BRH:4
end_of_record
TN:
SF:src/services/videos.js
FN:1,getVideos
FN:18,getVideo
FNF:2
FNH:2
FNDA:4,getVideos
FNDA:4,getVideo
DA:1,1
DA:2,4
DA:3,4
DA:4,4
DA:5,1
DA:6,1
DA:7,1
DA:8,4
DA:9,3
DA:10,1
DA:11,3
DA:12,2
DA:13,2
DA:14,3
DA:15,3
DA:16,4
DA:18,1
DA:19,4
DA:20,4
DA:21,4
DA:22,1
DA:23,1
DA:24,2
DA:25,2
DA:26,2
DA:27,0
DA:28,2
DA:29,2
DA:30,2
DA:31,2
DA:32,2
DA:33,4
LF:32
LH:31
BRDA:1,0,0,1
BRDA:1,1,0,1
BRDA:1,2,0,4
BRDA:3,3,0,2
BRDA:4,4,0,1
BRDA:8,5,0,3
BRDA:9,6,0,1
BRDA:11,7,0,2
BRDA:18,8,0,4
BRDA:20,9,0,3
BRDA:21,10,0,1
BRDA:23,11,0,2
BRDA:26,12,0,0
BRF:13
BRH:12
end_of_record
